[debug] [2022-10-29T15:12:16.801Z] ----------------------------------------------------------------------
[debug] [2022-10-29T15:12:16.804Z] Command:       C:\Program Files\nodejs\node.exe C:\Users\Gabriel Delight\AppData\Roaming\npm\node_modules\firebase-tools\lib\bin\firebase.js init
[debug] [2022-10-29T15:12:16.805Z] CLI Version:   11.15.0
[debug] [2022-10-29T15:12:16.806Z] Platform:      win32
[debug] [2022-10-29T15:12:16.806Z] Node Version:  v16.15.1
[debug] [2022-10-29T15:12:16.807Z] Time:          Sat Oct 29 2022 16:12:16 GMT+0100 (West Africa Standard Time)
[debug] [2022-10-29T15:12:16.807Z] ----------------------------------------------------------------------
[debug] 
[debug] [2022-10-29T15:12:16.994Z] > command requires scopes: ["email","openid","https://www.googleapis.com/auth/cloudplatformprojects.readonly","https://www.googleapis.com/auth/firebase","https://www.googleapis.com/auth/cloud-platform"]
[debug] [2022-10-29T15:12:16.995Z] > authorizing via signed-in user (gabrieldelight08@gmail.com)
[info] 
     ######## #### ########  ######## ########     ###     ######  ########
     ##        ##  ##     ## ##       ##     ##  ##   ##  ##       ##
     ######    ##  ########  ######   ########  #########  ######  ######
     ##        ##  ##    ##  ##       ##     ## ##     ##       ## ##
     ##       #### ##     ## ######## ########  ##     ##  ######  ########

You're about to initialize a Firebase project in this directory:

  C:\Users\Gabriel Delight\Desktop\Trading Social media

Before we get started, keep in mind:

  * You are initializing within an existing Firebase project directory

[info] 
=== Project Setup
[info] 
[info] First, let's associate this project directory with a Firebase project.
[info] You can create multiple project aliases by running firebase use --add, 
[info] but for now we'll just set up a default project.
[info] 
[debug] [2022-10-29T15:19:49.241Z] Using project from CLI flag: test-social-media-5e376
[debug] [2022-10-29T15:19:49.244Z] > refreshing access token with scopes: []
[debug] [2022-10-29T15:19:49.249Z] >>> [apiv2][query] POST https://www.googleapis.com/oauth2/v3/token [none]
[debug] [2022-10-29T15:19:49.249Z] >>> [apiv2][body] POST https://www.googleapis.com/oauth2/v3/token [omitted]
[debug] [2022-10-29T15:19:52.245Z] <<< [apiv2][status] POST https://www.googleapis.com/oauth2/v3/token 200
[debug] [2022-10-29T15:19:52.245Z] <<< [apiv2][body] POST https://www.googleapis.com/oauth2/v3/token [omitted]
[debug] [2022-10-29T15:19:52.380Z] >>> [apiv2][query] GET https://firebase.googleapis.com/v1beta1/projects/test-social-media-5e376 [none]
[debug] [2022-10-29T15:19:53.829Z] <<< [apiv2][status] GET https://firebase.googleapis.com/v1beta1/projects/test-social-media-5e376 200
[debug] [2022-10-29T15:19:53.829Z] <<< [apiv2][body] GET https://firebase.googleapis.com/v1beta1/projects/test-social-media-5e376 {"projectId":"test-social-media-5e376","projectNumber":"9326236251","displayName":"Test Social Media","name":"projects/test-social-media-5e376","resources":{"hostingSite":"test-social-media-5e376"},"state":"ACTIVE","etag":"1_400722d7-55a3-4935-8a58-bb9837773057"}
[info] i  Using project test-social-media-5e376 (Test Social Media) 
[info] 
=== Hosting Setup
[info] 
[info] Your public directory is the folder (relative to your project directory) that
[info] will contain Hosting assets to be uploaded with firebase deploy. If you
[info] have a build process for your assets, use your build's output directory.
[info] 
[debug] [2022-10-29T15:20:24.039Z] >>> [apiv2][query] GET https://www.gstatic.com/firebasejs/releases.json [none]
[debug] [2022-10-29T15:20:25.667Z] <<< [apiv2][status] GET https://www.gstatic.com/firebasejs/releases.json 200
[debug] [2022-10-29T15:20:25.667Z] <<< [apiv2][body] GET https://www.gstatic.com/firebasejs/releases.json {"current":{"version":"9.13.0","browserURL":"https://www.gstatic.com/firebasejs/9.13.0/firebase.js","packageURL":"https://www.gstatic.com/firebasejs/9.13.0/firebase.tgz"},"live":{"version":"9.13","browserURL":"https://www.gstatic.com/firebasejs/live/9.13/firebase.js","packageURL":"https://www.gstatic.com/firebasejs/live/9.13/firebase.tgz"},"components":{"analytics":"https://www.gstatic.com/firebasejs/9.13.0/firebase-analytics.js","app":"https://www.gstatic.com/firebasejs/9.13.0/firebase-app.js","app-check":"https://www.gstatic.com/firebasejs/9.13.0/firebase-app-check.js","auth":"https://www.gstatic.com/firebasejs/9.13.0/firebase-auth.js","auth/cordova":"https://www.gstatic.com/firebasejs/9.13.0/firebase-auth/cordova.js","auth/react-native":"https://www.gstatic.com/firebasejs/9.13.0/firebase-auth/react-native.js","functions":"https://www.gstatic.com/firebasejs/9.13.0/firebase-functions.js","firestore":"https://www.gstatic.com/firebasejs/9.13.0/firebase-firestore.js","firestore/lite":"https://www.gstatic.com/firebasejs/9.13.0/firebase-firestore/lite.js","installations":"https://www.gstatic.com/firebasejs/9.13.0/firebase-installations.js","storage":"https://www.gstatic.com/firebasejs/9.13.0/firebase-storage.js","performance":"https://www.gstatic.com/firebasejs/9.13.0/firebase-performance.js","remote-config":"https://www.gstatic.com/firebasejs/9.13.0/firebase-remote-config.js","messaging":"https://www.gstatic.com/firebasejs/9.13.0/firebase-messaging.js","messaging/sw":"https://www.gstatic.com/firebasejs/9.13.0/firebase-messaging/sw.js","database":"https://www.gstatic.com/firebasejs/9.13.0/firebase-database.js","firestore.memory":"https://www.gstatic.com/firebasejs/9.13.0/firebase-firestore.memory.js"}}
[info] i  Skipping write of build/index.html 
[info] 
[info] i  Writing configuration info to firebase.json... 
[info] i  Writing project information to .firebaserc... 
[info] 
[info] +  Firebase initialization complete! 
[debug] [2022-10-29T15:20:43.080Z] Error: Timed out.
    at Timeout.<anonymous> (C:\Users\Gabriel Delight\AppData\Roaming\npm\node_modules\firebase-tools\lib\utils.js:253:49)
    at listOnTimeout (node:internal/timers:559:17)
    at processTimers (node:internal/timers:502:7)
[error] 
[error] Error: An unexpected error has occurred.
